# JRE version: OpenJDK Runtime Environment Temurin-21.0.7+6 (21.0.7+6) (build 21.0.7+6-LTS)
# Java VM: OpenJDK 64-Bit Server VM Temurin-21.0.7+6 (21.0.7+6-LTS, mixed mode, sharing, tiered, compressed oops, compressed class ptrs, parallel gc, linux-amd64)
GC Precious Log:
 CardTable entry size: 512
 CPUs: 8 total, 8 available
 Memory: 7827M
 Large Page Support: Disabled
 NUMA Support: Disabled
 Compressed Oops: Enabled (32-bit)
 Alignments: Space 512K, Generation 512K, Heap 2M
 Heap Min Capacity: 100M
 Heap Initial Capacity: 100M
 Heap Max Capacity: 1G
 Pre-touch: Disabled
 Parallel Workers: 8
Heap:
 PSYoungGen      total 11776K, used 10153K [0x00000000eab00000, 0x00000000eb800000, 0x0000000100000000)
  eden space 11264K, 86% used [0x00000000eab00000,0x00000000eb477e80,0x00000000eb600000)
  from space 512K, 89% used [0x00000000eb780000,0x00000000eb7f2760,0x00000000eb800000)
  to   space 1024K, 0% used [0x00000000eb600000,0x00000000eb600000,0x00000000eb700000)
 ParOldGen       total 530432K, used 530355K [0x00000000c0000000, 0x00000000e0600000, 0x00000000eab00000)
  object space 530432K, 99% used [0x00000000c0000000,0x00000000e05ecfe0,0x00000000e0600000)
 Metaspace       used 96655K, committed 98304K, reserved 1179648K
  class space    used 9230K, committed 10048K, reserved 1048576K
GC Heap History (20 events):
Event: 5254,018 GC heap before
{Heap before GC invocations=3409 (full 11):
 PSYoungGen      total 12800K, used 12781K [0x00000000eab00000, 0x00000000ec000000, 0x0000000100000000)
  eden space 11264K, 100% used [0x00000000eab00000,0x00000000eb600000,0x00000000eb600000)
  from space 1536K, 98% used [0x00000000ebb00000,0x00000000ebc7b590,0x00000000ebc80000)
  to   space 5120K, 0% used [0x00000000eb600000,0x00000000eb600000,0x00000000ebb00000)
 ParOldGen       total 499200K, used 499194K [0x00000000c0000000, 0x00000000de780000, 0x00000000eab00000)
  object space 499200K, 99% used [0x00000000c0000000,0x00000000de77e9f0,0x00000000de780000)
 Metaspace       used 96637K, committed 98304K, reserved 1179648K
  class space    used 9230K, committed 10048K, reserved 1048576K
}
Event: 5254,024 GC heap after
{Heap after GC invocations=3409 (full 11):
 PSYoungGen      total 13312K, used 1749K [0x00000000eab00000, 0x00000000ebc00000, 0x0000000100000000)
  eden space 11264K, 0% used [0x00000000eab00000,0x00000000eab00000,0x00000000eb600000)
  from space 2048K, 85% used [0x00000000eb600000,0x00000000eb7b55b0,0x00000000eb800000)
  to   space 3072K, 0% used [0x00000000eb900000,0x00000000eb900000,0x00000000ebc00000)
 ParOldGen       total 499712K, used 499495K [0x00000000c0000000, 0x00000000de800000, 0x00000000eab00000)
  object space 499712K, 99% used [0x00000000c0000000,0x00000000de7c9da0,0x00000000de800000)
 Metaspace       used 96637K, committed 98304K, reserved 1179648K
  class space    used 9230K, committed 10048K, reserved 1048576K
}
Event: 5254,596 GC heap before
{Heap before GC invocations=3410 (full 11):
 PSYoungGen      total 13312K, used 13012K [0x00000000eab00000, 0x00000000ebc00000, 0x0000000100000000)
  eden space 11264K, 99% used [0x00000000eab00000,0x00000000eb5ffc50,0x00000000eb600000)
  from space 2048K, 85% used [0x00000000eb600000,0x00000000eb7b55b0,0x00000000eb800000)
  to   space 3072K, 0% used [0x00000000eb900000,0x00000000eb900000,0x00000000ebc00000)
 ParOldGen       total 523264K, used 522535K [0x00000000c0000000, 0x00000000dff00000, 0x00000000eab00000)
  object space 523264K, 99% used [0x00000000c0000000,0x00000000dfe49dc0,0x00000000dff00000)
 Metaspace       used 96645K, committed 98304K, reserved 1179648K
  class space    used 9230K, committed 10048K, reserved 1048576K
}
Event: 5254,600 GC heap after
{Heap after GC invocations=3410 (full 11):
 PSYoungGen      total 11776K, used 457K [0x00000000eab00000, 0x00000000eb980000, 0x0000000100000000)
  eden space 11264K, 0% used [0x00000000eab00000,0x00000000eab00000,0x00000000eb600000)
  from space 512K, 89% used [0x00000000eb900000,0x00000000eb9725e0,0x00000000eb980000)
  to   space 1536K, 0% used [0x00000000eb680000,0x00000000eb680000,0x00000000eb800000)
 ParOldGen       total 524288K, used 524054K [0x00000000c0000000, 0x00000000e0000000, 0x00000000eab00000)
  object space 524288K, 99% used [0x00000000c0000000,0x00000000dffc5880,0x00000000e0000000)
 Metaspace       used 96645K, committed 98304K, reserved 1179648K
  class space    used 9230K, committed 10048K, reserved 1048576K
}
Event: 5254,641 GC heap before
{Heap before GC invocations=3411 (full 11):
 PSYoungGen      total 11776K, used 11721K [0x00000000eab00000, 0x00000000eb980000, 0x0000000100000000)
  eden space 11264K, 100% used [0x00000000eab00000,0x00000000eb600000,0x00000000eb600000)
  from space 512K, 89% used [0x00000000eb900000,0x00000000eb9725e0,0x00000000eb980000)
  to   space 1536K, 0% used [0x00000000eb680000,0x00000000eb680000,0x00000000eb800000)
 ParOldGen       total 524288K, used 524054K [0x00000000c0000000, 0x00000000e0000000, 0x00000000eab00000)
  object space 524288K, 99% used [0x00000000c0000000,0x00000000dffc5880,0x00000000e0000000)
 Metaspace       used 96645K, committed 98304K, reserved 1179648K
  class space    used 9230K, committed 10048K, reserved 1048576K
}
Event: 5254,644 GC heap after
{Heap after GC invocations=3411 (full 11):
 PSYoungGen      total 12800K, used 1505K [0x00000000eab00000, 0x00000000ebd00000, 0x0000000100000000)
  eden space 11264K, 0% used [0x00000000eab00000,0x00000000eab00000,0x00000000eb600000)
  from space 1536K, 98% used [0x00000000eb680000,0x00000000eb7f8538,0x00000000eb800000)
  to   space 3584K, 0% used [0x00000000eb980000,0x00000000eb980000,0x00000000ebd00000)
 ParOldGen       total 525824K, used 525415K [0x00000000c0000000, 0x00000000e0180000, 0x00000000eab00000)
  object space 525824K, 99% used [0x00000000c0000000,0x00000000e0119e80,0x00000000e0180000)
 Metaspace       used 96645K, committed 98304K, reserved 1179648K
  class space    used 9230K, committed 10048K, reserved 1048576K
}
Event: 5254,672 GC heap before
{Heap before GC invocations=3412 (full 11):
 PSYoungGen      total 12800K, used 12769K [0x00000000eab00000, 0x00000000ebd00000, 0x0000000100000000)
  eden space 11264K, 100% used [0x00000000eab00000,0x00000000eb600000,0x00000000eb600000)
  from space 1536K, 98% used [0x00000000eb680000,0x00000000eb7f8538,0x00000000eb800000)
  to   space 3584K, 0% used [0x00000000eb980000,0x00000000eb980000,0x00000000ebd00000)
 ParOldGen       total 525824K, used 525415K [0x00000000c0000000, 0x00000000e0180000, 0x00000000eab00000)
  object space 525824K, 99% used [0x00000000c0000000,0x00000000e0119e80,0x00000000e0180000)
 Metaspace       used 96645K, committed 98304K, reserved 1179648K
  class space    used 9230K, committed 10048K, reserved 1048576K
}
Event: 5254,676 GC heap after
{Heap after GC invocations=3412 (full 11):
 PSYoungGen      total 14336K, used 2697K [0x00000000eab00000, 0x00000000ebc80000, 0x0000000100000000)
  eden space 11264K, 0% used [0x00000000eab00000,0x00000000eab00000,0x00000000eb600000)
  from space 3072K, 87% used [0x00000000eb980000,0x00000000ebc226a8,0x00000000ebc80000)
  to   space 3072K, 0% used [0x00000000eb680000,0x00000000eb680000,0x00000000eb980000)
 ParOldGen       total 526848K, used 526824K [0x00000000c0000000, 0x00000000e0280000, 0x00000000eab00000)
  object space 526848K, 99% used [0x00000000c0000000,0x00000000e027a3c8,0x00000000e0280000)
 Metaspace       used 96645K, committed 98304K, reserved 1179648K
  class space    used 9230K, committed 10048K, reserved 1048576K
}
Event: 5254,964 GC heap before
{Heap before GC invocations=3413 (full 11):
 PSYoungGen      total 14336K, used 13961K [0x00000000eab00000, 0x00000000ebc80000, 0x0000000100000000)
  eden space 11264K, 100% used [0x00000000eab00000,0x00000000eb600000,0x00000000eb600000)
  from space 3072K, 87% used [0x00000000eb980000,0x00000000ebc226a8,0x00000000ebc80000)
  to   space 3072K, 0% used [0x00000000eb680000,0x00000000eb680000,0x00000000eb980000)
 ParOldGen       total 526848K, used 526824K [0x00000000c0000000, 0x00000000e0280000, 0x00000000eab00000)
  object space 526848K, 99% used [0x00000000c0000000,0x00000000e027a3c8,0x00000000e0280000)
 Metaspace       used 96645K, committed 98304K, reserved 1179648K
  class space    used 9230K, committed 10048K, reserved 1048576K
}
Event: 5254,968 GC heap after
{Heap after GC invocations=3413 (full 11):
 PSYoungGen      total 13312K, used 1750K [0x00000000eab00000, 0x00000000ebb00000, 0x0000000100000000)
  eden space 11264K, 0% used [0x00000000eab00000,0x00000000eab00000,0x00000000eb600000)
  from space 2048K, 85% used [0x00000000eb680000,0x00000000eb835990,0x00000000eb880000)
  to   space 2560K, 0% used [0x00000000eb880000,0x00000000eb880000,0x00000000ebb00000)
 ParOldGen       total 527360K, used 527153K [0x00000000c0000000, 0x00000000e0300000, 0x00000000eab00000)
  object space 527360K, 99% used [0x00000000c0000000,0x00000000e02cc698,0x00000000e0300000)
 Metaspace       used 96645K, committed 98304K, reserved 1179648K
  class space    used 9230K, committed 10048K, reserved 1048576K
}
Event: 5255,014 GC heap before
{Heap before GC invocations=3414 (full 11):
 PSYoungGen      total 13312K, used 13014K [0x00000000eab00000, 0x00000000ebb00000, 0x0000000100000000)
  eden space 11264K, 100% used [0x00000000eab00000,0x00000000eb600000,0x00000000eb600000)
  from space 2048K, 85% used [0x00000000eb680000,0x00000000eb835990,0x00000000eb880000)
  to   space 2560K, 0% used [0x00000000eb880000,0x00000000eb880000,0x00000000ebb00000)
 ParOldGen       total 527360K, used 527153K [0x00000000c0000000, 0x00000000e0300000, 0x00000000eab00000)
  object space 527360K, 99% used [0x00000000c0000000,0x00000000e02cc698,0x00000000e0300000)
 Metaspace       used 96647K, committed 98304K, reserved 1179648K
  class space    used 9230K, committed 10048K, reserved 1048576K
}
Event: 5255,017 GC heap after
{Heap after GC invocations=3414 (full 11):
 PSYoungGen      total 11776K, used 393K [0x00000000eab00000, 0x00000000eb900000, 0x0000000100000000)
  eden space 11264K, 0% used [0x00000000eab00000,0x00000000eab00000,0x00000000eb600000)
  from space 512K, 76% used [0x00000000eb880000,0x00000000eb8e2760,0x00000000eb900000)
  to   space 1024K, 0% used [0x00000000eb700000,0x00000000eb700000,0x00000000eb800000)
 ParOldGen       total 527360K, used 527209K [0x00000000c0000000, 0x00000000e0300000, 0x00000000eab00000)
  object space 527360K, 99% used [0x00000000c0000000,0x00000000e02da698,0x00000000e0300000)
 Metaspace       used 96647K, committed 98304K, reserved 1179648K
  class space    used 9230K, committed 10048K, reserved 1048576K
}
Event: 5255,922 GC heap before
{Heap before GC invocations=3415 (full 11):
 PSYoungGen      total 11776K, used 11657K [0x00000000eab00000, 0x00000000eb900000, 0x0000000100000000)
  eden space 11264K, 100% used [0x00000000eab00000,0x00000000eb600000,0x00000000eb600000)
  from space 512K, 76% used [0x00000000eb880000,0x00000000eb8e2760,0x00000000eb900000)
  to   space 1024K, 0% used [0x00000000eb700000,0x00000000eb700000,0x00000000eb800000)
 ParOldGen       total 527360K, used 527209K [0x00000000c0000000, 0x00000000e0300000, 0x00000000eab00000)
  object space 527360K, 99% used [0x00000000c0000000,0x00000000e02da698,0x00000000e0300000)
 Metaspace       used 96647K, committed 98304K, reserved 1179648K
  class space    used 9230K, committed 10048K, reserved 1048576K
}
Event: 5255,925 GC heap after
{Heap after GC invocations=3415 (full 11):
 PSYoungGen      total 12288K, used 1014K [0x00000000eab00000, 0x00000000eba00000, 0x0000000100000000)
  eden space 11264K, 0% used [0x00000000eab00000,0x00000000eab00000,0x00000000eb600000)
  from space 1024K, 99% used [0x00000000eb700000,0x00000000eb7fd970,0x00000000eb800000)
  to   space 2048K, 0% used [0x00000000eb800000,0x00000000eb800000,0x00000000eba00000)
 ParOldGen       total 527872K, used 527825K [0x00000000c0000000, 0x00000000e0380000, 0x00000000eab00000)
  object space 527872K, 99% used [0x00000000c0000000,0x00000000e03746b8,0x00000000e0380000)
 Metaspace       used 96647K, committed 98304K, reserved 1179648K
  class space    used 9230K, committed 10048K, reserved 1048576K
}
Event: 5255,965 GC heap before
{Heap before GC invocations=3416 (full 11):
 PSYoungGen      total 12288K, used 12278K [0x00000000eab00000, 0x00000000eba00000, 0x0000000100000000)
  eden space 11264K, 100% used [0x00000000eab00000,0x00000000eb600000,0x00000000eb600000)
  from space 1024K, 99% used [0x00000000eb700000,0x00000000eb7fd970,0x00000000eb800000)
  to   space 2048K, 0% used [0x00000000eb800000,0x00000000eb800000,0x00000000eba00000)
 ParOldGen       total 527872K, used 527825K [0x00000000c0000000, 0x00000000e0380000, 0x00000000eab00000)
  object space 527872K, 99% used [0x00000000c0000000,0x00000000e03746b8,0x00000000e0380000)
 Metaspace       used 96647K, committed 98304K, reserved 1179648K
  class space    used 9230K, committed 10048K, reserved 1048576K
}
Event: 5255,968 GC heap after
{Heap after GC invocations=3416 (full 11):
 PSYoungGen      total 13312K, used 1573K [0x00000000eab00000, 0x00000000eba00000, 0x0000000100000000)
  eden space 11264K, 0% used [0x00000000eab00000,0x00000000eab00000,0x00000000eb600000)
  from space 2048K, 76% used [0x00000000eb800000,0x00000000eb989498,0x00000000eba00000)
  to   space 2048K, 0% used [0x00000000eb600000,0x00000000eb600000,0x00000000eb800000)
 ParOldGen       total 529408K, used 528969K [0x00000000c0000000, 0x00000000e0500000, 0x00000000eab00000)
  object space 529408K, 99% used [0x00000000c0000000,0x00000000e04927b8,0x00000000e0500000)
 Metaspace       used 96647K, committed 98304K, reserved 1179648K
  class space    used 9230K, committed 10048K, reserved 1048576K
}
Event: 5256,751 GC heap before
{Heap before GC invocations=3417 (full 11):
 PSYoungGen      total 13312K, used 12837K [0x00000000eab00000, 0x00000000eba00000, 0x0000000100000000)
  eden space 11264K, 100% used [0x00000000eab00000,0x00000000eb600000,0x00000000eb600000)
  from space 2048K, 76% used [0x00000000eb800000,0x00000000eb989498,0x00000000eba00000)
  to   space 2048K, 0% used [0x00000000eb600000,0x00000000eb600000,0x00000000eb800000)
 ParOldGen       total 529408K, used 528969K [0x00000000c0000000, 0x00000000e0500000, 0x00000000eab00000)
  object space 529408K, 99% used [0x00000000c0000000,0x00000000e04927b8,0x00000000e0500000)
 Metaspace       used 96647K, committed 98304K, reserved 1179648K
  class space    used 9230K, committed 10048K, reserved 1048576K
}
Event: 5256,757 GC heap after
{Heap after GC invocations=3417 (full 11):
 PSYoungGen      total 12800K, used 1497K [0x00000000eab00000, 0x00000000eb900000, 0x0000000100000000)
  eden space 11264K, 0% used [0x00000000eab00000,0x00000000eab00000,0x00000000eb600000)
  from space 1536K, 97% used [0x00000000eb600000,0x00000000eb7765d0,0x00000000eb780000)
  to   space 1536K, 0% used [0x00000000eb780000,0x00000000eb780000,0x00000000eb900000)
 ParOldGen       total 530432K, used 530299K [0x00000000c0000000, 0x00000000e0600000, 0x00000000eab00000)
  object space 530432K, 99% used [0x00000000c0000000,0x00000000e05defe0,0x00000000e0600000)
 Metaspace       used 96647K, committed 98304K, reserved 1179648K
  class space    used 9230K, committed 10048K, reserved 1048576K
}
Event: 5256,795 GC heap before
{Heap before GC invocations=3418 (full 11):
 PSYoungGen      total 12800K, used 12761K [0x00000000eab00000, 0x00000000eb900000, 0x0000000100000000)
  eden space 11264K, 100% used [0x00000000eab00000,0x00000000eb600000,0x00000000eb600000)
  from space 1536K, 97% used [0x00000000eb600000,0x00000000eb7765d0,0x00000000eb780000)
  to   space 1536K, 0% used [0x00000000eb780000,0x00000000eb780000,0x00000000eb900000)
 ParOldGen       total 530432K, used 530299K [0x00000000c0000000, 0x00000000e0600000, 0x00000000eab00000)
  object space 530432K, 99% used [0x00000000c0000000,0x00000000e05defe0,0x00000000e0600000)
 Metaspace       used 96647K, committed 98304K, reserved 1179648K
  class space    used 9230K, committed 10048K, reserved 1048576K
}
Event: 5256,799 GC heap after
{Heap after GC invocations=3418 (full 11):
 PSYoungGen      total 11776K, used 457K [0x00000000eab00000, 0x00000000eb800000, 0x0000000100000000)
  eden space 11264K, 0% used [0x00000000eab00000,0x00000000eab00000,0x00000000eb600000)
  from space 512K, 89% used [0x00000000eb780000,0x00000000eb7f2760,0x00000000eb800000)
  to   space 1024K, 0% used [0x00000000eb600000,0x00000000eb600000,0x00000000eb700000)
 ParOldGen       total 530432K, used 530355K [0x00000000c0000000, 0x00000000e0600000, 0x00000000eab00000)
  object space 530432K, 99% used [0x00000000c0000000,0x00000000e05ecfe0,0x00000000e0600000)
 Metaspace       used 96647K, committed 98304K, reserved 1179648K
  class space    used 9230K, committed 10048K, reserved 1048576K
}

